2024-10-23 08:41:30 [background-preinit] INFO  o.h.validator.internal.util.Version - HV000001: Hibernate Validator 8.0.1.Final
2024-10-23 08:41:30 [main] INFO  c.h.a.AuthServiceApplication - Starting AuthServiceApplication using Java 19.0.1 with PID 5012 (D:\Project-KL\Project1\auth-service\target\classes started by admind in D:\Project-KL\Project1)
2024-10-23 08:41:30 [main] INFO  c.h.a.AuthServiceApplication - No active profile set, falling back to 1 default profile: "default"
2024-10-23 08:41:30 [main] INFO  o.s.v.c.e.LeaseAwareVaultPropertySource - Vault location [secret/auth-service] not resolvable: Not found
2024-10-23 08:41:32 [main] INFO  o.s.d.r.c.RepositoryConfigurationDelegate - Bootstrapping Spring Data JPA repositories in DEFAULT mode.
2024-10-23 08:41:32 [main] INFO  o.s.d.r.c.RepositoryConfigurationDelegate - Finished Spring Data repository scanning in 288 ms. Found 2 JPA repository interfaces.
2024-10-23 08:41:32 [main] INFO  o.s.cloud.context.scope.GenericScope - BeanFactory id=d50ee184-0228-3f5e-8885-a0ff714733bf
2024-10-23 08:41:33 [main] INFO  o.s.b.w.e.tomcat.TomcatWebServer - Tomcat initialized with port 8050 (http)
2024-10-23 08:41:33 [main] INFO  o.a.coyote.http11.Http11NioProtocol - Initializing ProtocolHandler ["http-nio-8050"]
2024-10-23 08:41:33 [main] INFO  o.a.catalina.core.StandardService - Starting service [Tomcat]
2024-10-23 08:41:33 [main] INFO  o.a.catalina.core.StandardEngine - Starting Servlet engine: [Apache Tomcat/10.1.30]
2024-10-23 08:41:33 [main] INFO  o.a.c.c.C.[Tomcat].[localhost].[/] - Initializing Spring embedded WebApplicationContext
2024-10-23 08:41:33 [main] INFO  o.s.b.w.s.c.ServletWebServerApplicationContext - Root WebApplicationContext: initialization completed in 3376 ms
2024-10-23 08:41:34 [main] INFO  o.h.jpa.internal.util.LogHelper - HHH000204: Processing PersistenceUnitInfo [name: default]
2024-10-23 08:41:34 [main] INFO  org.hibernate.Version - HHH000412: Hibernate ORM core version 6.5.3.Final
2024-10-23 08:41:34 [main] INFO  o.h.c.i.RegionFactoryInitiator - HHH000026: Second-level cache disabled
2024-10-23 08:41:35 [main] INFO  o.s.o.j.p.SpringPersistenceUnitInfo - No LoadTimeWeaver setup: ignoring JPA class transformer
2024-10-23 08:41:35 [main] INFO  com.zaxxer.hikari.HikariDataSource - HikariPool-1 - Starting...
2024-10-23 08:41:35 [main] INFO  com.zaxxer.hikari.pool.HikariPool - HikariPool-1 - Added connection com.mysql.cj.jdbc.ConnectionImpl@1e9afe4e
2024-10-23 08:41:35 [main] INFO  com.zaxxer.hikari.HikariDataSource - HikariPool-1 - Start completed.
2024-10-23 08:41:35 [main] WARN  org.hibernate.orm.deprecation - HHH90000025: MySQLDialect does not need to be specified explicitly using 'hibernate.dialect' (remove the property setting and it will be selected by default)
2024-10-23 08:41:36 [main] INFO  o.h.e.t.j.p.i.JtaPlatformInitiator - HHH000489: No JTA platform available (set 'hibernate.transaction.jta.platform' to enable JTA platform integration)
2024-10-23 08:41:36 [main] INFO  o.s.o.j.LocalContainerEntityManagerFactoryBean - Initialized JPA EntityManagerFactory for persistence unit 'default'
2024-10-23 08:41:36 [main] INFO  o.s.s.c.a.a.c.InitializeAuthenticationProviderBeanManagerConfigurer$InitializeAuthenticationProviderManagerConfigurer - Global AuthenticationManager configured with AuthenticationProvider bean with name authenticationProvider
2024-10-23 08:41:36 [main] WARN  o.s.s.c.a.a.c.InitializeUserDetailsBeanManagerConfigurer$InitializeUserDetailsManagerConfigurer - Global AuthenticationManager configured with an AuthenticationProvider bean. UserDetailsService beans will not be used for username/password login. Consider removing the AuthenticationProvider bean. Alternatively, consider using the UserDetailsService in a manually instantiated DaoAuthenticationProvider.
2024-10-23 08:41:37 [main] WARN  o.s.b.a.o.j.JpaBaseConfiguration$JpaWebConfiguration - spring.jpa.open-in-view is enabled by default. Therefore, database queries may be performed during view rendering. Explicitly configure spring.jpa.open-in-view to disable this warning
2024-10-23 08:41:37 [main] INFO  o.s.b.a.e.web.EndpointLinksResolver - Exposing 4 endpoints beneath base path '/actuator'
2024-10-23 08:41:39 [main] INFO  o.s.cloud.commons.util.InetUtils - Cannot determine local hostname
2024-10-23 08:41:39 [main] INFO  o.a.coyote.http11.Http11NioProtocol - Starting ProtocolHandler ["http-nio-8050"]
2024-10-23 08:41:39 [main] INFO  o.s.b.w.e.tomcat.TomcatWebServer - Tomcat started on port 8050 (http) with context path '/'
2024-10-23 08:41:40 [http-nio-8050-exec-1] INFO  o.a.c.c.C.[Tomcat].[localhost].[/] - Initializing Spring DispatcherServlet 'dispatcherServlet'
2024-10-23 08:41:40 [http-nio-8050-exec-1] INFO  o.s.web.servlet.DispatcherServlet - Initializing Servlet 'dispatcherServlet'
2024-10-23 08:41:40 [http-nio-8050-exec-1] INFO  o.s.web.servlet.DispatcherServlet - Completed initialization in 1 ms
2024-10-23 08:41:40 [http-nio-8050-exec-1] INFO  c.h.a.config.AccessLogFilter - Incoming request: GET /actuator/prometheus from 127.0.0.1
2024-10-23 08:41:40 [http-nio-8050-exec-1] INFO  c.h.a.config.AccessLogFilter - Response status: 200
2024-10-23 08:41:40 [main] INFO  o.s.cloud.commons.util.InetUtils - Cannot determine local hostname
2024-10-23 08:41:40 [main] INFO  c.h.a.AuthServiceApplication - Started AuthServiceApplication in 13.14 seconds (process running for 14.367)
2024-10-23 08:41:50 [http-nio-8050-exec-2] INFO  c.h.a.config.AccessLogFilter - Incoming request: GET /actuator/prometheus from 127.0.0.1
2024-10-23 08:41:50 [http-nio-8050-exec-2] INFO  c.h.a.config.AccessLogFilter - Response status: 200
2024-10-23 08:42:00 [http-nio-8050-exec-3] INFO  c.h.a.config.AccessLogFilter - Incoming request: GET /actuator/prometheus from 127.0.0.1
2024-10-23 08:42:00 [http-nio-8050-exec-3] INFO  c.h.a.config.AccessLogFilter - Response status: 200
2024-10-23 08:42:10 [http-nio-8050-exec-4] INFO  c.h.a.config.AccessLogFilter - Incoming request: GET /actuator/prometheus from 127.0.0.1
2024-10-23 08:42:10 [http-nio-8050-exec-4] INFO  c.h.a.config.AccessLogFilter - Response status: 200
2024-10-23 08:42:20 [http-nio-8050-exec-5] INFO  c.h.a.config.AccessLogFilter - Incoming request: GET /actuator/prometheus from 127.0.0.1
2024-10-23 08:42:20 [http-nio-8050-exec-5] INFO  c.h.a.config.AccessLogFilter - Response status: 200
2024-10-23 08:42:30 [http-nio-8050-exec-6] INFO  c.h.a.config.AccessLogFilter - Incoming request: GET /actuator/prometheus from 127.0.0.1
2024-10-23 08:42:30 [http-nio-8050-exec-6] INFO  c.h.a.config.AccessLogFilter - Response status: 200
2024-10-23 08:42:40 [http-nio-8050-exec-7] INFO  c.h.a.config.AccessLogFilter - Incoming request: GET /actuator/prometheus from 127.0.0.1
2024-10-23 08:42:40 [http-nio-8050-exec-7] INFO  c.h.a.config.AccessLogFilter - Response status: 200
2024-10-23 08:42:41 [http-nio-8050-exec-9] INFO  c.h.a.config.AccessLogFilter - Incoming request: POST /api/auth/authenticate from 0:0:0:0:0:0:0:1
2024-10-23 08:42:41 [http-nio-8050-exec-9] INFO  c.h.a.config.AccessLogFilter - Response status: 401
2024-10-23 08:42:50 [http-nio-8050-exec-8] INFO  c.h.a.config.AccessLogFilter - Incoming request: GET /actuator/prometheus from 127.0.0.1
2024-10-23 08:42:50 [http-nio-8050-exec-8] INFO  c.h.a.config.AccessLogFilter - Response status: 200
2024-10-23 08:42:54 [http-nio-8050-exec-1] INFO  c.h.a.config.AccessLogFilter - Incoming request: POST /api/auth/authenticate from 0:0:0:0:0:0:0:1
2024-10-23 08:42:54 [http-nio-8050-exec-1] INFO  c.h.a.service.impl.AuthServiceImpl - Access token: eyJhbGciOiJIUzUxMiJ9.eyJ1c2VySWQiOjIsInN1YiI6IkR1YyIsImlhdCI6MTcyOTY0Nzc3NCwiZXhwIjoxNzI5NjU2NDE0LCJhdXRob3JpdGllcyI6WyJST0xFX1VTRVIiXX0.G_Oy2JpU92_4yIer6PCpqnPLH10BkBOtEp6KL1bkA0vlJllFL2VvBWJPha_jROR_NmQFrrsKVm2CRYMA10XfAA
2024-10-23 08:42:54 [http-nio-8050-exec-1] INFO  c.h.a.service.impl.AuthServiceImpl - Refresh token: eyJhbGciOiJIUzUxMiJ9.eyJ1c2VySWQiOjIsInN1YiI6IkR1YyIsImlhdCI6MTcyOTY0Nzc3NCwiZXhwIjoxNzMwMjUyNTc0LCJhdXRob3JpdGllcyI6WyJST0xFX1VTRVIiXX0.DsIv_sqyW0QzT35t_UbCppXkR9z7cmBLw5XbJXC8GAqkYg_AzcyTM_OjHAGs5TbebGPSnvhl4PZ-6oW8EoTT1A
2024-10-23 08:42:54 [http-nio-8050-exec-1] INFO  c.h.a.controller.AuthController - Accessed /authenticate
2024-10-23 08:42:54 [http-nio-8050-exec-1] INFO  c.h.a.config.AccessLogFilter - Response status: 200
2024-10-23 08:43:00 [http-nio-8050-exec-2] INFO  c.h.a.config.AccessLogFilter - Incoming request: GET /actuator/prometheus from 127.0.0.1
2024-10-23 08:43:00 [http-nio-8050-exec-2] INFO  c.h.a.config.AccessLogFilter - Response status: 200
2024-10-23 08:43:10 [http-nio-8050-exec-3] INFO  c.h.a.config.AccessLogFilter - Incoming request: GET /actuator/prometheus from 127.0.0.1
2024-10-23 08:43:10 [http-nio-8050-exec-3] INFO  c.h.a.config.AccessLogFilter - Response status: 200
2024-10-23 08:43:20 [http-nio-8050-exec-4] INFO  c.h.a.config.AccessLogFilter - Incoming request: GET /actuator/prometheus from 127.0.0.1
2024-10-23 08:43:20 [http-nio-8050-exec-4] INFO  c.h.a.config.AccessLogFilter - Response status: 200
2024-10-23 08:43:30 [http-nio-8050-exec-5] INFO  c.h.a.config.AccessLogFilter - Incoming request: GET /actuator/prometheus from 127.0.0.1
2024-10-23 08:43:30 [http-nio-8050-exec-5] INFO  c.h.a.config.AccessLogFilter - Response status: 200
2024-10-23 08:43:32 [SpringContextShutdownHook] INFO  o.s.o.j.LocalContainerEntityManagerFactoryBean - Closing JPA EntityManagerFactory for persistence unit 'default'
2024-10-23 08:43:32 [SpringContextShutdownHook] INFO  com.zaxxer.hikari.HikariDataSource - HikariPool-1 - Shutdown initiated...
2024-10-23 08:43:32 [SpringContextShutdownHook] INFO  com.zaxxer.hikari.HikariDataSource - HikariPool-1 - Shutdown completed.
